<?xml version="1.0" encoding="UTF-8"?>
<testng-results ignored="0" total="3" passed="2" failed="1" skipped="0">
  <reporter-output>
  </reporter-output>
  <suite started-at="2024-08-02T15:07:40Z" name="Default suite" finished-at="2024-08-02T15:08:06Z" duration-ms="26480">
    <groups>
    </groups>
    <test started-at="2024-08-02T15:07:40Z" name="Default test" finished-at="2024-08-02T15:08:06Z" duration-ms="26480">
      <class name="webdriver.Topic_03_selector">
        <test-method is-config="true" signature="beforeClass()[pri:0, instance:webdriver.Topic_03_selector@3406472c]" started-at="2024-08-02T15:07:40Z" name="beforeClass" finished-at="2024-08-02T15:08:01Z" duration-ms="21078" status="PASS">
          <reporter-output>
          </reporter-output>
        </test-method> <!-- beforeClass -->
        <test-method signature="TC_01_Name()[pri:1, instance:webdriver.Topic_03_selector@3406472c]" started-at="2024-08-02T15:08:01Z" name="TC_01_Name" finished-at="2024-08-02T15:08:01Z" duration-ms="98" status="PASS">
          <reporter-output>
          </reporter-output>
        </test-method> <!-- TC_01_Name -->
        <test-method signature="TC_03_Click()[pri:2, instance:webdriver.Topic_03_selector@3406472c]" started-at="2024-08-02T15:08:01Z" name="TC_03_Click" finished-at="2024-08-02T15:08:01Z" duration-ms="87" status="FAIL">
          <exception class="java.lang.AssertionError">
            <message>
              <![CDATA[expected [true] but found [false]]]>
            </message>
            <full-stacktrace>
              <![CDATA[java.lang.AssertionError: expected [true] but found [false]
at org.testng.Assert.fail(Assert.java:96)
at org.testng.Assert.failNotEquals(Assert.java:776)
at org.testng.Assert.assertTrue(Assert.java:44)
at org.testng.Assert.assertTrue(Assert.java:54)
at webdriver.Topic_03_selector.TC_03_Click(Topic_03_selector.java:62)
at java.base/jdk.internal.reflect.NativeMethodAccessorImpl.invoke0(Native Method)
at java.base/jdk.internal.reflect.NativeMethodAccessorImpl.invoke(NativeMethodAccessorImpl.java:78)
at java.base/jdk.internal.reflect.DelegatingMethodAccessorImpl.invoke(DelegatingMethodAccessorImpl.java:43)
at java.base/java.lang.reflect.Method.invoke(Method.java:567)
at org.testng.internal.MethodInvocationHelper.invokeMethod(MethodInvocationHelper.java:124)
at org.testng.internal.Invoker.invokeMethod(Invoker.java:583)
at org.testng.internal.Invoker.invokeTestMethod(Invoker.java:719)
at org.testng.internal.Invoker.invokeTestMethods(Invoker.java:989)
at org.testng.internal.TestMethodWorker.invokeTestMethods(TestMethodWorker.java:125)
at org.testng.internal.TestMethodWorker.run(TestMethodWorker.java:109)
at org.testng.TestRunner.privateRun(TestRunner.java:648)
at org.testng.TestRunner.run(TestRunner.java:505)
at org.testng.SuiteRunner.runTest(SuiteRunner.java:455)
at org.testng.SuiteRunner.runSequentially(SuiteRunner.java:450)
at org.testng.SuiteRunner.privateRun(SuiteRunner.java:415)
at org.testng.SuiteRunner.run(SuiteRunner.java:364)
at org.testng.SuiteRunnerWorker.runSuite(SuiteRunnerWorker.java:52)
at org.testng.SuiteRunnerWorker.run(SuiteRunnerWorker.java:84)
at org.testng.TestNG.runSuitesSequentially(TestNG.java:1208)
at org.testng.TestNG.runSuitesLocally(TestNG.java:1137)
at org.testng.TestNG.runSuites(TestNG.java:1049)
at org.testng.TestNG.run(TestNG.java:1017)
at org.testng.remote.AbstractRemoteTestNG.run(AbstractRemoteTestNG.java:115)
at org.testng.remote.RemoteTestNG.initAndRun(RemoteTestNG.java:293)
at org.testng.remote.RemoteTestNG.main(RemoteTestNG.java:91)
]]>
            </full-stacktrace>
          </exception> <!-- java.lang.AssertionError -->
          <reporter-output>
          </reporter-output>
        </test-method> <!-- TC_03_Click -->
        <test-method signature="TC_02_Click()[pri:3, instance:webdriver.Topic_03_selector@3406472c]" started-at="2024-08-02T15:08:01Z" name="TC_02_Click" finished-at="2024-08-02T15:08:01Z" duration-ms="79" status="PASS">
          <reporter-output>
          </reporter-output>
        </test-method> <!-- TC_02_Click -->
        <test-method is-config="true" signature="afterClass()[pri:0, instance:webdriver.Topic_03_selector@3406472c]" started-at="2024-08-02T15:08:01Z" name="afterClass" finished-at="2024-08-02T15:08:06Z" duration-ms="5122" status="PASS">
          <reporter-output>
          </reporter-output>
        </test-method> <!-- afterClass -->
      </class> <!-- webdriver.Topic_03_selector -->
    </test> <!-- Default test -->
  </suite> <!-- Default suite -->
</testng-results>
